5.766898989677429199e-01
8.372094631195068359e-01
1.211009860038757324e+00
6.177563071250915527e-01
1.357202291488647461e+00
1.762130260467529297e+00
8.748419880867004395e-01
7.491597533226013184e-01
1.812414646148681641e+00
7.217799425125122070e-01
7.997833490371704102e-01
9.373787045478820801e-01
9.397391676902770996e-01
8.948503732681274414e-01
6.110898256301879883e-01
9.273583889007568359e-01
1.151936769485473633e+00
1.367084980010986328e+00
1.646839737892150879e+00
1.232267975807189941e+00
1.394595384597778320e+00
4.991016387939453125e-01
8.980827927589416504e-01
7.895340323448181152e-01
9.403434395790100098e-01
1.237833142280578613e+00
1.510808229446411133e+00
8.025324940681457520e-01
1.320476055145263672e+00
1.380022883415222168e+00
9.995539188385009766e-01
1.061694860458374023e+00
6.880017518997192383e-01
8.704524636268615723e-01
8.215193152427673340e-01
5.880851149559020996e-01
7.772113680839538574e-01
8.419302701950073242e-01
8.621717095375061035e-01
1.210387229919433594e+00
8.696418404579162598e-01
1.673592329025268555e+00
9.966310262680053711e-01
9.737555384635925293e-01
9.685423970222473145e-01
1.132683396339416504e+00
1.031454443931579590e+00
8.933424949645996094e-01
9.686614871025085449e-01
1.427948117256164551e+00
1.015121340751647949e+00
7.321029305458068848e-01
9.861402511596679688e-01
9.826552271842956543e-01
9.026645421981811523e-01
8.429333567619323730e-01
9.157449603080749512e-01
1.428724646568298340e+00
1.307397603988647461e+00
1.102568507194519043e+00
1.026446580886840820e+00
6.892365217208862305e-01
9.801789522171020508e-01
1.007470965385437012e+00
