6.375694274902343750e-01
8.037509918212890625e-01
7.103093862533569336e-01
7.240386009216308594e-01
5.792096257209777832e-01
5.796985626220703125e-01
7.330619096755981445e-01
6.584484577178955078e-01
7.916127443313598633e-01
6.802961826324462891e-01
5.620949268341064453e-01
4.221366047859191895e-01
6.743826866149902344e-01
8.030472397804260254e-01
6.675499677658081055e-01
9.087049961090087891e-01
1.051719903945922852e+00
5.508744120597839355e-01
5.065231323242187500e-01
4.870299994945526123e-01
9.630489349365234375e-01
7.708568572998046875e-01
8.203679919242858887e-01
7.442055940628051758e-01
8.107877373695373535e-01
9.434967637062072754e-01
6.740269660949707031e-01
8.872106075286865234e-01
8.015261888504028320e-01
6.258977651596069336e-01
7.270833849906921387e-01
5.661482214927673340e-01
7.038741111755371094e-01
5.386104583740234375e-01
6.204766631126403809e-01
8.016359806060791016e-01
6.446134448051452637e-01
5.774130225181579590e-01
6.305553317070007324e-01
1.033534169197082520e+00
7.354906797409057617e-01
5.900691747665405273e-01
4.342137277126312256e-01
7.724686264991760254e-01
7.195501923561096191e-01
7.421529889106750488e-01
4.798462390899658203e-01
7.376270294189453125e-01
8.096317648887634277e-01
8.005562424659729004e-01
7.392088770866394043e-01
7.163518071174621582e-01
5.872749090194702148e-01
7.336692810058593750e-01
8.055811524391174316e-01
5.570176243782043457e-01
6.843886375427246094e-01
6.118199229240417480e-01
4.692758619785308838e-01
4.577427208423614502e-01
5.975957512855529785e-01
7.237383127212524414e-01
5.663935542106628418e-01
5.736656188964843750e-01
5.251136422157287598e-01
4.751456677913665771e-01
6.180110573768615723e-01
5.829750895500183105e-01
9.684373736381530762e-01
5.725128650665283203e-01
7.600318193435668945e-01
5.867642164230346680e-01
6.211676597595214844e-01
5.085952281951904297e-01
6.991996169090270996e-01
6.743032336235046387e-01
7.591195106506347656e-01
5.273681879043579102e-01
5.585752129554748535e-01
6.468780040740966797e-01
6.798944473266601562e-01
6.717167496681213379e-01
9.249115586280822754e-01
7.462720274925231934e-01
6.563193202018737793e-01
6.783815026283264160e-01
4.878589510917663574e-01
6.798838376998901367e-01
5.415345430374145508e-01
8.385689854621887207e-01
7.426059246063232422e-01
7.845486402511596680e-01
6.478934884071350098e-01
6.184182763099670410e-01
3.805984556674957275e-01
5.547708868980407715e-01
5.817454457283020020e-01
5.893064141273498535e-01
8.601985573768615723e-01
7.160477638244628906e-01
5.837900638580322266e-01
7.047104239463806152e-01
7.829750180244445801e-01
7.595750689506530762e-01
6.307511925697326660e-01
9.495250582695007324e-01
6.622568368911743164e-01
7.291052341461181641e-01
6.622276306152343750e-01
5.657694339752197266e-01
9.290718436241149902e-01
8.034077882766723633e-01
7.958348989486694336e-01
7.982783913612365723e-01
5.765779614448547363e-01
4.901860654354095459e-01
7.461525201797485352e-01
8.178324699401855469e-01
6.173386573791503906e-01
6.619935631752014160e-01
8.857963681221008301e-01
5.121868252754211426e-01
7.600133419036865234e-01
5.650264620780944824e-01
7.251831889152526855e-01
8.873550295829772949e-01
6.289522051811218262e-01
5.522753596305847168e-01
