7.974272966384887695e-01
7.770019173622131348e-01
9.471144080162048340e-01
9.500365257263183594e-01
6.744251251220703125e-01
7.296470999717712402e-01
7.525615096092224121e-01
7.208364009857177734e-01
6.026924252510070801e-01
4.322490990161895752e-01
8.088621497154235840e-01
6.257401704788208008e-01
6.277145147323608398e-01
5.935600399971008301e-01
6.526826024055480957e-01
7.424102425575256348e-01
6.999416351318359375e-01
8.352651596069335938e-01
6.691375970840454102e-01
4.695851206779479980e-01
6.018891334533691406e-01
6.289173364639282227e-01
6.986798644065856934e-01
7.374252080917358398e-01
8.079314827919006348e-01
9.620118141174316406e-01
6.101613640785217285e-01
9.637276530265808105e-01
7.449694871902465820e-01
7.772204279899597168e-01
5.733201503753662109e-01
9.489091634750366211e-01
7.692759633064270020e-01
7.728539109230041504e-01
7.493125796318054199e-01
8.248345851898193359e-01
1.090495944023132324e+00
9.496636390686035156e-01
6.007277965545654297e-01
6.135811805725097656e-01
6.797573566436767578e-01
6.354802250862121582e-01
6.204528808593750000e-01
1.020335674285888672e+00
1.318197607994079590e+00
6.130924820899963379e-01
7.691249251365661621e-01
8.002169728279113770e-01
5.924518704414367676e-01
6.574339270591735840e-01
6.110285520553588867e-01
1.157378554344177246e+00
8.092425465583801270e-01
9.350016117095947266e-01
7.333502173423767090e-01
7.510251998901367188e-01
9.739524126052856445e-01
8.702328205108642578e-01
5.940725207328796387e-01
5.858547091484069824e-01
6.360896229743957520e-01
8.190606832504272461e-01
1.018803358078002930e+00
5.475924015045166016e-01
7.814644575119018555e-01
6.024340391159057617e-01
6.179810762405395508e-01
7.400758266448974609e-01
9.224742054939270020e-01
6.645698547363281250e-01
1.095641374588012695e+00
6.352019906044006348e-01
7.624477744102478027e-01
8.794971108436584473e-01
6.396458148956298828e-01
7.776343822479248047e-01
8.091734647750854492e-01
7.509801983833312988e-01
1.028151750564575195e+00
1.326090931892395020e+00
6.711673140525817871e-01
7.360718846321105957e-01
5.983237624168395996e-01
6.887285113334655762e-01
8.064188957214355469e-01
6.669852137565612793e-01
5.840271115303039551e-01
1.168326497077941895e+00
7.708628773689270020e-01
7.722530961036682129e-01
6.666507124900817871e-01
6.389203071594238281e-01
1.023167490959167480e+00
7.931920289993286133e-01
4.331827163696289062e-01
6.719549298286437988e-01
7.443651556968688965e-01
1.155542612075805664e+00
8.205543756484985352e-01
1.276023507118225098e+00
4.957581460475921631e-01
7.003347277641296387e-01
7.613572478294372559e-01
8.546392321586608887e-01
1.157100200653076172e+00
8.400069475173950195e-01
1.112891077995300293e+00
9.121049046516418457e-01
6.335694193840026855e-01
8.723611831665039062e-01
6.134958267211914062e-01
6.292622685432434082e-01
7.256595492362976074e-01
6.152219772338867188e-01
6.360877752304077148e-01
6.231834888458251953e-01
6.950656175613403320e-01
1.168906211853027344e+00
7.251386046409606934e-01
6.907613277435302734e-01
6.787796616554260254e-01
6.245429515838623047e-01
6.458760499954223633e-01
7.004814743995666504e-01
8.356760144233703613e-01
7.908297777175903320e-01
7.567855715751647949e-01
1.148447513580322266e+00
