9.740504026412963867e-01
9.293609857559204102e-01
8.790297508239746094e-01
8.381016850471496582e-01
9.726393818855285645e-01
9.745035767555236816e-01
9.932544231414794922e-01
9.281289577484130859e-01
1.032789945602416992e+00
1.052582740783691406e+00
9.375228881835937500e-01
9.046497941017150879e-01
1.086213231086730957e+00
8.850396275520324707e-01
9.592223167419433594e-01
1.064399957656860352e+00
7.712077498435974121e-01
1.139324426651000977e+00
9.498962163925170898e-01
9.797086715698242188e-01
1.056308865547180176e+00
9.619375467300415039e-01
9.998229146003723145e-01
9.563360810279846191e-01
8.430371880531311035e-01
9.171727299690246582e-01
1.076626300811767578e+00
1.091158032417297363e+00
9.560886025428771973e-01
8.865501284599304199e-01
8.272331953048706055e-01
9.366315007209777832e-01
