1.048436045646667480e+00
1.128690123558044434e+00
8.291726112365722656e-01
8.682999610900878906e-01
9.168870449066162109e-01
9.647572040557861328e-01
9.282134175300598145e-01
8.547992706298828125e-01
6.468735933303833008e-01
1.068060159683227539e+00
1.166078448295593262e+00
8.470266461372375488e-01
9.077232480049133301e-01
8.540968894958496094e-01
7.164660692214965820e-01
7.605033516883850098e-01
8.088448047637939453e-01
1.194652557373046875e+00
8.191409111022949219e-01
7.279971837997436523e-01
8.167285919189453125e-01
9.692006111145019531e-01
8.208907842636108398e-01
7.244539260864257812e-01
8.460524082183837891e-01
7.036988735198974609e-01
6.591597199440002441e-01
9.965415000915527344e-01
1.160736441612243652e+00
7.258096337318420410e-01
1.160443186759948730e+00
7.973755598068237305e-01
8.152759075164794922e-01
6.979182362556457520e-01
1.013285398483276367e+00
1.164142608642578125e+00
9.750870466232299805e-01
8.630673885345458984e-01
8.764166831970214844e-01
5.559762716293334961e-01
6.340467333793640137e-01
1.061717987060546875e+00
9.899424314498901367e-01
7.903366088867187500e-01
7.975554466247558594e-01
8.635025024414062500e-01
7.349428534507751465e-01
8.957300782203674316e-01
9.429197907447814941e-01
9.219172596931457520e-01
9.988425970077514648e-01
7.667844295501708984e-01
8.273847699165344238e-01
8.822318911552429199e-01
1.160876393318176270e+00
7.596097588539123535e-01
9.188724756240844727e-01
7.770806550979614258e-01
9.269853234291076660e-01
9.774916172027587891e-01
8.074372410774230957e-01
8.710554242134094238e-01
8.246891498565673828e-01
8.488841652870178223e-01
8.854203224182128906e-01
8.116664290428161621e-01
8.837286829948425293e-01
9.495820403099060059e-01
8.554438352584838867e-01
6.850923895835876465e-01
9.864418506622314453e-01
7.967137694358825684e-01
9.900304675102233887e-01
1.240653395652770996e+00
1.022753596305847168e+00
1.089144229888916016e+00
7.556712627410888672e-01
1.021650791168212891e+00
1.151152253150939941e+00
1.180203080177307129e+00
8.901643753051757812e-01
7.117259502410888672e-01
8.012308478355407715e-01
8.597393035888671875e-01
7.385473251342773438e-01
1.084213018417358398e+00
9.548923373222351074e-01
7.332998514175415039e-01
7.639024257659912109e-01
9.638409614562988281e-01
1.017828702926635742e+00
7.584577202796936035e-01
9.224908947944641113e-01
9.208313226699829102e-01
7.246378064155578613e-01
7.832120060920715332e-01
8.958414196968078613e-01
9.998623132705688477e-01
1.086716890335083008e+00
8.713517189025878906e-01
8.459168076515197754e-01
9.287503361701965332e-01
9.012593030929565430e-01
8.801713585853576660e-01
8.296465277671813965e-01
8.069798946380615234e-01
9.687802791595458984e-01
5.852043628692626953e-01
1.195730447769165039e+00
1.074420928955078125e+00
7.690428495407104492e-01
9.084218144416809082e-01
8.907057642936706543e-01
7.666046023368835449e-01
9.506652355194091797e-01
7.920793890953063965e-01
9.061359167098999023e-01
1.278437018394470215e+00
8.568891882896423340e-01
7.195121049880981445e-01
1.065717577934265137e+00
8.111468553543090820e-01
1.347816348075866699e+00
1.083365201950073242e+00
8.951315879821777344e-01
1.009528040885925293e+00
8.717139363288879395e-01
7.261250615119934082e-01
