-6.760668754577636719e-02
-2.024188823997974396e-02
1.628376170992851257e-02
2.276271022856235504e-02
-1.163641214370727539e-01
1.043925583362579346e-01
7.940909825265407562e-03
6.818713992834091187e-02
-3.283690288662910461e-02
3.593323007225990295e-02
9.280186891555786133e-02
6.919825449585914612e-03
1.312260609120130539e-02
5.981817469000816345e-02
2.611871995031833649e-02
2.912030927836894989e-02
1.377209872007369995e-01
3.013907931745052338e-02
-3.953662887215614319e-02
-4.623067378997802734e-02
1.797068491578102112e-02
7.518678903579711914e-02
6.963385734707117081e-03
3.701700642704963684e-02
1.768173649907112122e-02
-1.008342020213603973e-02
1.493764109909534454e-02
4.463754966855049133e-02
-3.182221204042434692e-02
-9.163675829768180847e-03
-9.149081259965896606e-02
-2.910910360515117645e-02
1.321038976311683655e-02
1.603430719114840031e-04
-9.417825378477573395e-03
1.767285913228988647e-01
-3.385888785123825073e-02
4.743782803416252136e-02
-1.023789495229721069e-01
1.832302287220954895e-02
2.486516907811164856e-02
-6.592245306819677353e-03
-6.581763178110122681e-02
-2.160761319100856781e-02
-1.489519607275724411e-02
3.271543234586715698e-02
8.964740671217441559e-03
9.213490039110183716e-02
-2.070737257599830627e-02
8.170307613909244537e-03
1.440017297863960266e-02
-3.367472440004348755e-02
-9.913534857332706451e-03
2.904720418155193329e-02
-2.953203581273555756e-02
-8.045299351215362549e-02
-1.041938830167055130e-02
1.481034755706787109e-01
-9.042499959468841553e-02
4.400352016091346741e-03
8.341228961944580078e-02
-4.165997728705406189e-02
-3.959413990378379822e-02
3.388585150241851807e-02
4.394380375742912292e-02
1.551584601402282715e-01
1.516586542129516602e-01
-1.039559766650199890e-01
5.151833221316337585e-02
-1.347113028168678284e-02
1.319945789873600006e-02
-3.521108254790306091e-02
4.551703110337257385e-02
1.537466142326593399e-02
9.636279940605163574e-02
-1.953844167292118073e-02
-2.019374258816242218e-02
3.741548210382461548e-02
-6.724765058606863022e-03
-9.381898492574691772e-02
6.471287459135055542e-02
-6.300540268421173096e-02
5.120510980486869812e-02
-5.362956225872039795e-02
-3.630189225077629089e-02
-1.936997473239898682e-02
-5.807432904839515686e-02
-6.317584961652755737e-02
-5.207117274403572083e-02
-4.683558270335197449e-02
-8.011568337678909302e-02
3.742340952157974243e-02
1.231541205197572708e-02
3.848589956760406494e-02
9.074414521455764771e-02
1.819028332829475403e-02
-4.765412956476211548e-02
-3.465470671653747559e-02
-3.728481754660606384e-02
2.777873165905475616e-02
2.470105141401290894e-02
5.919984355568885803e-02
9.173712879419326782e-02
1.480180323123931885e-01
-5.044436827301979065e-02
1.277158036828041077e-02
-1.868920028209686279e-02
8.315704762935638428e-02
-1.429941691458225250e-02
-7.520677894353866577e-02
-2.644959650933742523e-02
3.587137162685394287e-02
-6.810810416936874390e-02
3.523737192153930664e-02
-9.501842781901359558e-03
4.228806495666503906e-02
-2.372635155916213989e-02
1.849877461791038513e-02
-1.996391266584396362e-02
-4.752055928111076355e-02
1.076540648937225342e-01
-1.130784824490547180e-01
1.069840937852859497e-01
5.934010818600654602e-02
-9.403678588569164276e-03
-5.038573592901229858e-02
-1.348243933171033859e-02
1.768479007296264172e-03
