-3.749840706586837769e-02
-4.817195236682891846e-03
-8.766565471887588501e-03
-7.456494122743606567e-02
-2.716683782637119293e-02
-2.264297567307949066e-02
1.448047999292612076e-02
5.000716540962457657e-03
-4.828956723213195801e-02
3.939858451485633850e-02
-2.238553762435913086e-02
-6.918010115623474121e-02
-6.815498322248458862e-02
-3.954023867845535278e-02
-4.525459185242652893e-02
-2.099670656025409698e-02
7.114630937576293945e-02
2.918990142643451691e-02
-3.828389197587966919e-02
-5.848425999283790588e-02
-1.011390425264835358e-02
8.123128674924373627e-03
3.224306926131248474e-02
-1.122012455016374588e-02
-9.818448871374130249e-02
-8.984740823507308960e-02
-3.992311656475067139e-02
1.255984418094158173e-02
2.261301688849925995e-02
6.867867894470691681e-03
-1.024474054574966431e-01
2.891441807150840759e-02
1.339542400091886520e-02
3.951576538383960724e-03
-1.891638524830341339e-02
1.552888005971908569e-01
-1.012146547436714172e-01
5.275036394596099854e-02
-5.249369144439697266e-02
-1.580051518976688385e-02
1.539829093962907791e-02
-4.762924090027809143e-02
-1.780650205910205841e-02
-3.467990085482597351e-02
-5.186757072806358337e-02
-4.805837199091911316e-02
2.721455693244934082e-02
1.709907688200473785e-02
-9.719855338335037231e-02
-1.229908876121044159e-02
-3.751402720808982849e-02
-5.904367566108703613e-02
-6.868264079093933105e-02
-4.645079001784324646e-02
-3.657532110810279846e-02
1.007409580051898956e-02
-3.496082872152328491e-02
1.700292900204658508e-02
-4.932002723217010498e-02
-1.003293320536613464e-02
5.226082354784011841e-02
-1.362470630556344986e-02
-1.080970466136932373e-01
-7.998525165021419525e-03
-1.741030067205429077e-02
3.346715122461318970e-02
-4.014831036329269409e-02
-6.109268218278884888e-02
-1.006625313311815262e-02
6.451921071857213974e-03
-6.458498537540435791e-02
-4.601960256695747375e-02
-9.890546649694442749e-02
-3.184193000197410583e-02
2.582283131778240204e-02
-6.556338816881179810e-02
5.355850979685783386e-02
-1.013480052351951599e-01
3.420418500900268555e-02
-9.550331532955169678e-02
-4.280106723308563232e-02
-3.419255465269088745e-02
-3.301260585431009531e-05
3.349563479423522949e-02
-4.580268263816833496e-02
-7.919175550341606140e-03
3.051846101880073547e-02
-6.526530534029006958e-02
-5.342044308781623840e-02
-2.057088166475296021e-02
-1.606534793972969055e-02
-9.740611538290977478e-03
-6.815823912620544434e-02
-1.937493309378623962e-02
2.253081463277339935e-02
4.621433094143867493e-02
-1.120458319783210754e-01
-8.902624249458312988e-02
-4.539716616272926331e-02
-8.750185370445251465e-03
2.929149754345417023e-02
-3.249832987785339355e-02
2.381036244332790375e-02
-2.591257356107234955e-02
-7.634795457124710083e-02
-1.800929941236972809e-02
-7.705903053283691406e-02
1.830099150538444519e-02
-3.589058760553598404e-03
-5.478063225746154785e-02
-5.637830495834350586e-02
1.804665848612785339e-02
-3.489234298467636108e-02
-4.838571324944496155e-02
-1.153034195303916931e-01
3.112553432583808899e-02
-5.568994674831628799e-03
-5.968052893877029419e-03
-3.048014361411333084e-03
-5.552463233470916748e-02
-1.573385554365813732e-03
-4.751749336719512939e-02
3.260508924722671509e-02
-7.210845593363046646e-03
7.086952216923236847e-03
1.640914939343929291e-02
-7.370911538600921631e-03
-3.917556256055831909e-02
