6.537251919507980347e-02
4.873519390821456909e-02
2.294264584779739380e-01
-1.875820904970169067e-01
2.114998996257781982e-01
9.119200110435485840e-01
8.058830350637435913e-02
3.114752098917961121e-02
6.779785752296447754e-01
1.780043123289942741e-03
-2.099250704050064087e-01
3.353268653154373169e-02
1.205111443996429443e-01
-1.746036410331726074e-01
-1.227040216326713562e-01
-1.207146644592285156e-01
1.210913881659507751e-01
4.651105999946594238e-01
6.879395246505737305e-01
-3.822386637330055237e-02
4.311021566390991211e-01
-2.823930382728576660e-01
-3.345284461975097656e-01
7.652378082275390625e-02
4.272393137216567993e-02
-3.684377670288085938e-01
4.536720812320709229e-01
1.016888543963432312e-01
3.736094534397125244e-01
9.852679818868637085e-02
-5.905902385711669922e-02
1.129869371652603149e-01
-8.252311497926712036e-02
-1.099735591560602188e-02
-2.112918198108673096e-01
3.115826845169067383e-01
-3.741882145404815674e-01
-5.214279294013977051e-01
9.997370839118957520e-02
3.574013113975524902e-01
-3.085058331489562988e-01
8.163663744926452637e-01
-6.751451292075216770e-05
-1.872033178806304932e-01
6.373177468776702881e-02
-1.059262361377477646e-02
3.912337124347686768e-02
3.521795943379402161e-02
1.380266100168228149e-01
1.805403977632522583e-01
-1.236045584082603455e-01
-1.875376999378204346e-01
3.029119921848177910e-03
2.788827195763587952e-02
1.035154759883880615e-01
2.853929698467254639e-01
3.693328425288200378e-02
5.016620159149169922e-01
5.642477273941040039e-01
2.814246118068695068e-01
2.124820053577423096e-01
-9.580291807651519775e-02
1.853694915771484375e-01
4.907006323337554932e-01
