-3.285001218318939209e-02
1.922114379703998566e-02
-1.615620031952857971e-02
-5.786323547363281250e-02
-2.089700661599636078e-02
-4.011838883161544800e-02
6.902923341840505600e-03
1.133217569440603256e-02
-6.995325535535812378e-02
5.436066910624504089e-02
-4.364484176039695740e-02
-6.007170677185058594e-02
-3.147737681865692139e-02
-5.678519979119300842e-02
-4.766825214028358459e-02
-4.419423267245292664e-02
4.647096246480941772e-02
2.821840159595012665e-02
-4.061378166079521179e-02
-4.183353111147880554e-02
-3.108313679695129395e-02
7.103479467332363129e-03
5.957971513271331787e-02
-2.066293545067310333e-02
-8.568970113992691040e-02
-9.009368717670440674e-02
-3.157718107104301453e-02
6.163270212709903717e-03
1.688380353152751923e-02
1.058069244027137756e-02
-1.095642074942588806e-01
8.225056529045104980e-02
5.133755132555961609e-02
1.021351013332605362e-02
-4.217693582177162170e-02
1.731592565774917603e-01
-9.806250780820846558e-02
5.393760278820991516e-02
-7.177196443080902100e-02
-1.533283852040767670e-02
1.257341261953115463e-02
-3.759035840630531311e-02
-2.304872870445251465e-02
-4.748772457242012024e-02
-4.189909622073173523e-02
-5.696900933980941772e-02
4.150954633951187134e-02
4.407089669257402420e-03
-6.427118927240371704e-02
1.807196094887331128e-04
-3.859581798315048218e-02
-1.905164681375026703e-02
-4.701297357678413391e-02
-6.236572936177253723e-02
5.344848614186048508e-05
4.125962499529123306e-03
-1.244115270674228668e-02
1.855585724115371704e-02
-4.243037104606628418e-02
-1.250415667891502380e-02
4.529213905334472656e-02
-2.700847759842872620e-02
-9.211313724517822266e-02
-5.056644789874553680e-03
-1.261620037257671356e-02
1.138232182711362839e-03
-6.525622308254241943e-02
-3.446704521775245667e-02
-1.362061221152544022e-02
9.232446551322937012e-03
-5.879439041018486023e-02
-4.354147240519523621e-02
-1.058475300669670105e-01
-3.652055934071540833e-02
5.879494175314903259e-02
-5.643180012702941895e-02
4.916457086801528931e-02
-1.021080911159515381e-01
6.163132842630147934e-03
-7.581184059381484985e-02
-1.943391002714633942e-02
-9.755953215062618256e-03
-1.983138173818588257e-02
6.594828516244888306e-02
-6.329624354839324951e-02
1.539419963955879211e-02
4.143838584423065186e-02
-6.472279876470565796e-02
-2.580369263887405396e-02
-3.290493413805961609e-02
-5.073755513876676559e-03
-1.642449572682380676e-02
-8.742113411426544189e-02
-2.193572558462619781e-02
2.797592058777809143e-02
4.154804348945617676e-02
-9.357561916112899780e-02
-8.974315226078033447e-02
-1.359148044139146805e-02
-2.434413135051727295e-02
3.709813952445983887e-02
-5.700697004795074463e-02
1.776863634586334229e-02
-3.684505075216293335e-02
-6.523067504167556763e-02
-4.426425788551568985e-03
-8.174160122871398926e-02
1.164781395345926285e-03
-5.922582466155290604e-03
-4.877742379903793335e-02
-5.672960728406906128e-02
2.022369951009750366e-02
-3.451957926154136658e-02
-4.663714393973350525e-02
-1.174657046794891357e-01
2.357066050171852112e-02
1.818221993744373322e-02
-1.226567756384611130e-02
4.391974653117358685e-04
-5.236965417861938477e-02
-1.725302264094352722e-02
-3.069239296019077301e-02
3.016393445432186127e-02
-6.416912656277418137e-03
-1.474288105964660645e-02
1.803491450846195221e-02
-4.552676808089017868e-03
-4.835356399416923523e-02
