-3.696874529123306274e-02
-2.101617865264415741e-02
-3.551672678440809250e-03
-6.202108785510063171e-02
-4.608834162354469299e-02
-3.121407702565193176e-02
3.122889436781406403e-02
-4.700316581875085831e-03
-1.136869192123413086e-02
4.964506998658180237e-02
-2.477336442098021507e-03
-6.270173937082290649e-02
-5.294911935925483704e-02
-1.318895630538463593e-02
-1.155635900795459747e-02
-1.209234120324254036e-03
9.302569925785064697e-02
2.689320035278797150e-02
-4.476337507367134094e-02
-7.797226309776306152e-02
2.189950458705425262e-02
1.820582151412963867e-02
1.279849559068679810e-02
-1.772962324321269989e-02
-8.579080551862716675e-02
-7.711026817560195923e-02
-4.490025714039802551e-02
1.471753418445587158e-02
1.198158483020961285e-03
-4.512489307671785355e-03
-8.507112413644790649e-02
-1.189393457025289536e-03
6.247545592486858368e-03
1.947993412613868713e-02
-1.732702553272247314e-02
1.576859802007675171e-01
-9.976456314325332642e-02
3.025675937533378601e-02
-3.837766870856285095e-02
-2.373863197863101959e-02
-3.673123568296432495e-02
-4.690001532435417175e-02
-2.166944183409214020e-02
-3.092479333281517029e-02
-6.139094009995460510e-02
-3.987001255154609680e-02
1.230944041162729263e-02
2.169259637594223022e-02
-7.758778333663940430e-02
9.069154970347881317e-03
-4.826678708195686340e-02
-6.486174464225769043e-02
-8.049584180116653442e-02
-3.705627843737602234e-02
-5.177768319845199585e-02
6.072020623832941055e-03
-2.450590021908283234e-02
1.546727214008569717e-02
-6.271184980869293213e-02
-7.943450473248958588e-03
6.779230386018753052e-02
-2.678914181888103485e-02
-8.522754907608032227e-02
-2.994324825704097748e-02
2.056388929486274719e-02
6.554450839757919312e-02
-7.188490033149719238e-02
-7.301870733499526978e-02
1.360950618982315063e-02
-3.121624933555722237e-03
-6.785968691110610962e-02
-4.628711193799972534e-02
-6.414132565259933472e-02
-2.556345611810684204e-02
6.024420727044343948e-04
-6.354937702417373657e-02
5.946291144937276840e-03
-6.660972535610198975e-02
4.590221866965293884e-02
-1.337765455245971680e-01
-3.800541907548904419e-02
-3.386794403195381165e-02
2.191367931663990021e-02
2.914705313742160797e-02
-4.196838475763797760e-03
-1.255993731319904327e-02
9.159912355244159698e-03
-5.477369949221611023e-02
-6.494798511266708374e-02
-1.627737842500209808e-02
-1.203930191695690155e-02
1.864510215818881989e-02
-8.054484426975250244e-02
-1.428703218698501587e-02
2.325308136641979218e-02
4.397151991724967957e-02
-6.311897933483123779e-02
-5.285659804940223694e-02
-5.608695372939109802e-02
1.066860463470220566e-02
3.966692090034484863e-02
-1.720278523862361908e-02
3.345214203000068665e-02
-2.297456189990043640e-02
-5.945982784032821655e-02
-2.031863480806350708e-02
-7.340975105762481689e-02
-9.502582252025604248e-03
-1.294831745326519012e-02
-9.554239362478256226e-02
-7.435204088687896729e-02
3.071214072406291962e-02
-2.533916756510734558e-02
-5.064377933740615845e-02
-7.313638925552368164e-02
4.713918268680572510e-02
-1.085292920470237732e-02
-3.011040156707167625e-03
-2.418941352516412735e-03
-6.966162472963333130e-02
1.435740571469068527e-02
-2.870921976864337921e-02
3.309653326869010925e-02
1.345513761043548584e-02
-5.759510211646556854e-03
-2.446459047496318817e-02
-2.379848854616284370e-03
-2.217260934412479401e-02
