5.500486493110656738e-01
-2.007464617490768433e-01
4.422293975949287415e-02
7.257436513900756836e-01
-6.393429636955261230e-02
-2.681482732295989990e-01
-2.895828783512115479e-01
-1.233384246006608009e-03
1.542386710643768311e-01
2.333917319774627686e-01
4.792222976684570312e-01
2.114785164594650269e-01
5.190820097923278809e-01
6.081858277320861816e-01
2.969615459442138672e-01
1.054507136344909668e+00
-9.643249213695526123e-03
4.953778684139251709e-01
-3.983631432056427002e-01
-2.025594562292098999e-01
1.079673647880554199e+00
-2.302279621362686157e-01
6.006706953048706055e-01
1.074054718017578125e+00
8.142216801643371582e-01
-4.771103709936141968e-02
-1.388474553823471069e-01
-1.338397711515426636e-01
2.997769713401794434e-01
6.680041551589965820e-01
1.296920608729124069e-02
6.422957777976989746e-01
