-1.961918920278549194e-01
-7.420925796031951904e-02
4.850083496421575546e-03
-1.175657939165830612e-02
1.315279304981231689e-01
-3.664763271808624268e-02
1.531435847282409668e-01
-1.209008991718292236e-01
-2.147348672151565552e-01
2.070688307285308838e-01
-1.912091225385665894e-01
1.492036879062652588e-01
7.560780644416809082e-02
-2.851750887930393219e-02
-1.555731743574142456e-01
2.073754668235778809e-01
-5.527624860405921936e-02
3.403376638889312744e-01
-9.265757352113723755e-02
1.930231899023056030e-01
-1.821997165679931641e-01
2.666960097849369049e-02
9.963406622409820557e-02
-1.907364279031753540e-02
-5.982524529099464417e-02
-1.201232820749282837e-01
-3.943117856979370117e-01
6.677840650081634521e-02
-5.399888381361961365e-02
-7.271028310060501099e-02
2.996389009058475494e-02
-9.603353589773178101e-02
