-5.892338603734970093e-02
-1.926751062273979187e-02
3.491762909106910229e-04
4.778130911290645599e-03
-3.528149425983428955e-02
6.339820101857185364e-03
5.694812629371881485e-03
3.506421297788619995e-02
-4.066323488950729370e-02
3.916982933878898621e-02
4.105545952916145325e-02
-2.581149339675903320e-02
-1.532942801713943481e-02
3.530355915427207947e-02
-1.696985214948654175e-02
7.532687392085790634e-03
1.519201993942260742e-01
2.290624007582664490e-02
-4.597621411085128784e-02
-8.816598355770111084e-02
2.408312819898128510e-02
3.774632140994071960e-02
-7.245541084557771683e-03
-1.190148387104272842e-02
-3.012862987816333771e-02
-8.941845595836639404e-02
-4.028372466564178467e-02
1.285407575778663158e-03
-1.518617849797010422e-02
-1.224163081496953964e-02
-1.069341525435447693e-01
-4.313293471932411194e-02
-1.143218018114566803e-03
2.006040140986442566e-02
-5.401742458343505859e-02
1.583733409643173218e-01
-7.588796317577362061e-02
9.773744270205497742e-03
-2.941757440567016602e-02
-2.426903694868087769e-02
-1.037012133747339249e-02
-3.928143531084060669e-02
-5.251893401145935059e-02
-3.502812236547470093e-02
-8.224479109048843384e-02
-2.598041854798793793e-02
2.137446776032447815e-02
4.077341780066490173e-02
-9.241501241922378540e-02
-2.000350132584571838e-02
2.545863948762416840e-02
-5.723808333277702332e-02
-6.459899246692657471e-02
-2.466321736574172974e-02
-2.662004902958869934e-02
-3.448571264743804932e-02
-2.102405764162540436e-02
7.612892985343933105e-02
-8.814845234155654907e-02
-6.638457998633384705e-03
5.095799639821052551e-02
8.457352407276630402e-03
-2.752694115042686462e-02
-5.787181202322244644e-03
3.206083923578262329e-02
6.811528652906417847e-02
-6.939562037587165833e-03
-1.030781194567680359e-01
2.455586008727550507e-02
-2.371911704540252686e-02
-3.547874838113784790e-02
-4.393412917852401733e-02
-5.661153700202703476e-03
-1.503707282245159149e-02
1.606236770749092102e-02
-5.430671945214271545e-02
6.162448320537805557e-03
-1.582296378910541534e-02
3.983922302722930908e-02
-1.033307611942291260e-01
-2.161198854446411133e-02
-2.368170581758022308e-02
5.393236875534057617e-02
-1.299101393669843674e-02
1.512017287313938141e-02
-6.467089988291263580e-03
-3.176649659872055054e-02
-6.480744481086730957e-02
-8.325280249118804932e-02
-3.647004952654242516e-03
-4.882529377937316895e-02
3.416572138667106628e-02
-4.147948697209358215e-02
2.836804836988449097e-03
5.764465406537055969e-02
3.084576874971389771e-02
-8.091154694557189941e-02
-3.814021497964859009e-02
-9.497901052236557007e-02
3.173906728625297546e-02
8.649820461869239807e-03
5.033655092120170593e-02
3.856617584824562073e-02
3.337312117218971252e-02
-5.631243064999580383e-02
-3.172163292765617371e-02
-5.822079256176948547e-02
1.234505977481603622e-02
-9.207265451550483704e-03
-8.935973793268203735e-02
-6.796023994684219360e-02
-2.460281737148761749e-02
-3.433480113744735718e-02
-3.837800398468971252e-02
-3.639999404549598694e-02
4.276278614997863770e-02
-3.636493533849716187e-02
-4.915045108646154404e-03
-1.232925057411193848e-02
-5.974463745951652527e-02
2.983242273330688477e-02
-6.209339573979377747e-02
6.211566552519798279e-02
2.529796399176120758e-02
-7.723757065832614899e-03
-6.212772056460380554e-02
1.479263789951801300e-02
-1.329927146434783936e-02
