-1.791343092918395996e-01
-2.353691309690475464e-01
-1.707943528890609741e-01
-1.618573665618896484e-01
-1.398032605648040771e-01
2.319793775677680969e-02
-6.278266757726669312e-02
-8.099391460418701172e-01
-5.372270196676254272e-02
-2.818083763122558594e-01
-1.953617036342620850e-01
-6.177736446261405945e-02
-1.649751365184783936e-01
-2.244504541158676147e-01
-1.345816403627395630e-01
-2.252106219530105591e-01
1.888179033994674683e-01
-1.656125038862228394e-01
-6.450632214546203613e-02
-2.289099246263504028e-01
-2.204626202583312988e-01
3.981724008917808533e-02
-3.236773312091827393e-01
-5.417098402976989746e-01
-2.312433868646621704e-01
-4.618514701724052429e-02
-6.794760227203369141e-01
-3.887290060520172119e-01
-8.669874072074890137e-02
-5.894101858139038086e-01
-1.150570511817932129e-01
-6.963119655847549438e-02
-3.016341924667358398e-01
-4.153172075748443604e-01
-9.469062834978103638e-02
-4.783677458763122559e-01
-6.162604689598083496e-02
-3.376546502113342285e-01
1.928273439407348633e-01
-3.378579020500183105e-01
-4.450763761997222900e-01
-3.473787903785705566e-01
-2.352034300565719604e-01
-4.736690819263458252e-01
-4.568630829453468323e-02
-2.381273657083511353e-01
-1.368826180696487427e-01
-2.856497466564178467e-01
-6.791982650756835938e-01
-2.485002130270004272e-01
-3.956310749053955078e-01
-2.294890582561492920e-01
-1.848352104425430298e-01
-2.986454367637634277e-01
-3.724671006202697754e-01
-3.682284951210021973e-01
-2.248730212450027466e-01
-2.028415054082870483e-01
-3.815894722938537598e-01
-2.878921329975128174e-01
-2.573969066143035889e-01
-2.340662777423858643e-01
-2.965960204601287842e-01
-2.030796259641647339e-01
-3.711403310298919678e-01
-2.953843772411346436e-01
4.472155123949050903e-03
-1.436099130660295486e-02
-6.982100009918212891e-02
-1.732632219791412354e-01
-2.493338659405708313e-02
-6.891593337059020996e-01
-5.260609984397888184e-01
7.142266631126403809e-02
-1.451842635869979858e-01
-1.935062557458877563e-01
-3.997272253036499023e-01
-7.151429355144500732e-02
-1.443766206502914429e-01
-3.639682829380035400e-01
-3.391508758068084717e-01
-2.902591824531555176e-01
-1.074529588222503662e-01
-3.637914061546325684e-01
-4.775085747241973877e-01
-5.414207577705383301e-01
-4.827244281768798828e-01
-2.820374667644500732e-01
-1.740649640560150146e-01
-3.181349635124206543e-01
-1.380895078182220459e-01
-4.579897820949554443e-01
-5.829642340540885925e-02
-3.403097987174987793e-01
-1.999009549617767334e-01
-3.916330337524414062e-01
-3.127053380012512207e-01
-1.805033162236213684e-02
-4.427595734596252441e-01
-9.714320302009582520e-01
-2.728483080863952637e-01
-3.276289701461791992e-01
-4.516548812389373779e-01
-1.438864469528198242e-01
-5.016020536422729492e-01
-2.601512074470520020e-01
-3.170938789844512939e-01
-6.270282715559005737e-02
-1.820320487022399902e-01
-3.815871477127075195e-01
-3.771903514862060547e-01
-1.702969707548618317e-02
-9.823575615882873535e-01
-5.017390847206115723e-01
-4.336884319782257080e-01
-2.058318257331848145e-01
-2.742343842983245850e-01
-2.101416736841201782e-01
-8.518280386924743652e-01
-2.442192435264587402e-01
-2.615745365619659424e-01
-2.835187129676342010e-02
-4.264586865901947021e-01
-6.510868668556213379e-01
-3.427028656005859375e-01
-3.324607014656066895e-02
-5.045786499977111816e-01
-2.022107243537902832e-01
