9.667572379112243652e-01
9.667400717735290527e-01
1.065077662467956543e+00
9.216486215591430664e-01
1.032057762145996094e+00
1.025557041168212891e+00
1.056275606155395508e+00
9.009422659873962402e-01
9.474290013313293457e-01
9.345030188560485840e-01
1.013190388679504395e+00
9.722505807876586914e-01
1.052677869796752930e+00
9.638579487800598145e-01
1.024428009986877441e+00
1.007098913192749023e+00
9.792035222053527832e-01
9.599977135658264160e-01
1.065535068511962891e+00
8.959957957267761230e-01
9.913566708564758301e-01
9.358552694320678711e-01
1.008903145790100098e+00
9.634084105491638184e-01
9.551683664321899414e-01
1.002607464790344238e+00
8.887467384338378906e-01
1.055437922477722168e+00
1.012747764587402344e+00
9.137163162231445312e-01
9.108383655548095703e-01
9.724603891372680664e-01
9.614070057868957520e-01
1.055398106575012207e+00
9.844251275062561035e-01
8.421627283096313477e-01
9.711607694625854492e-01
1.000988960266113281e+00
8.516643047332763672e-01
9.529200792312622070e-01
1.022179841995239258e+00
9.484669566154479980e-01
9.478117227554321289e-01
1.041825652122497559e+00
9.578277468681335449e-01
9.928828477859497070e-01
9.502776265144348145e-01
9.181636571884155273e-01
1.024394273757934570e+00
9.662650823593139648e-01
1.037776827812194824e+00
9.624290466308593750e-01
1.005555152893066406e+00
9.821569323539733887e-01
1.081690788269042969e+00
9.304876923561096191e-01
1.092792868614196777e+00
1.014584422111511230e+00
1.067451953887939453e+00
9.529067873954772949e-01
9.520642757415771484e-01
9.409083724021911621e-01
1.031999945640563965e+00
1.081875324249267578e+00
