-1.745695061981678009e-02
-2.509903311729431152e-01
1.460883319377899170e-01
-1.011109873652458191e-01
-2.130257487297058105e-01
-2.352095246315002441e-01
-3.867957592010498047e-01
-5.288565754890441895e-01
-3.595440089702606201e-01
-2.200352549552917480e-01
-2.054901421070098877e-01
-1.311791688203811646e-01
8.437110483646392822e-02
-2.271093279123306274e-01
1.379535049200057983e-01
-2.538400888442993164e-01
9.147333912551403046e-03
-2.788570895791053772e-02
2.965098945423960686e-03
-1.759796738624572754e-01
-2.158302217721939087e-01
-3.477262258529663086e-01
-4.530524834990501404e-02
-3.600810468196868896e-01
-1.180991008877754211e-01
1.402026712894439697e-01
-1.437643915414810181e-01
-2.820402681827545166e-01
-2.658685743808746338e-01
-2.605177462100982666e-01
-2.675189077854156494e-01
-8.221999555826187134e-02
-9.108465909957885742e-02
-1.368071138858795166e-01
-3.826410695910453796e-02
-1.211700364947319031e-01
-1.354359984397888184e-01
1.047286763787269592e-01
-5.403501912951469421e-03
-2.258608490228652954e-01
-6.358395814895629883e-01
-1.584090590476989746e-01
-8.389556407928466797e-01
8.031562902033329010e-03
-1.909808814525604248e-01
-6.471864134073257446e-02
-4.537509381771087646e-01
-8.441077917814254761e-02
-3.548560664057731628e-02
-1.420473158359527588e-01
6.084869528422132134e-05
-1.298751235008239746e-01
-1.498779505491256714e-01
-1.172634884715080261e-01
-1.944949179887771606e-01
-1.571541577577590942e-01
-1.867178529500961304e-01
-2.200389802455902100e-01
-2.109812051057815552e-01
-2.690500020980834961e-01
-1.567233055830001831e-01
-4.522055685520172119e-01
1.571295261383056641e-01
-2.515009976923465729e-02
-2.486137598752975464e-01
-2.426019757986068726e-01
-1.454332619905471802e-01
-2.676000297069549561e-01
-1.207557395100593567e-01
-2.783652842044830322e-01
-1.941819638013839722e-01
-1.441966444253921509e-01
-2.136764526367187500e-01
-9.146947413682937622e-02
-9.006091952323913574e-02
-1.783370822668075562e-01
-1.814245991408824921e-02
-1.443670094013214111e-01
-3.015000224113464355e-01
-1.731605082750320435e-01
-2.516915202140808105e-01
-6.890313327312469482e-02
3.412460163235664368e-02
-2.772247977554798126e-02
-1.324910372495651245e-01
-6.373302340507507324e-01
-5.959276556968688965e-01
5.904828757047653198e-02
-2.047177851200103760e-01
-6.839761137962341309e-01
1.116570010781288147e-01
-1.172745823860168457e-01
-1.324676722288131714e-01
-2.788514196872711182e-01
-2.406776994466781616e-01
-4.944511353969573975e-01
-3.761748373508453369e-01
-1.577631533145904541e-01
-9.124216437339782715e-02
-1.138293072581291199e-01
-1.874961555004119873e-01
-2.660016417503356934e-01
-1.521760523319244385e-01
-4.764507338404655457e-02
-2.273787856101989746e-01
9.848394989967346191e-02
-2.254197448492050171e-01
-1.269691139459609985e-01
-1.067696958780288696e-01
-1.019295230507850647e-01
2.965195849537849426e-02
-2.578715384006500244e-01
-1.929238736629486084e-01
-3.975562155246734619e-01
1.197669878602027893e-01
-4.375310242176055908e-01
-1.104639377444982529e-02
-1.774471998214721680e-01
-1.921131312847137451e-01
1.797719150781631470e-01
-3.444591462612152100e-01
-1.742899119853973389e-01
-3.465155363082885742e-01
-2.554757595062255859e-01
-3.288029730319976807e-01
-2.881061434745788574e-01
-8.205070346593856812e-02
-1.892073601484298706e-01
