-2.579711675643920898e-01
-2.924072444438934326e-01
-4.409995675086975098e-02
-1.485335826873779297e-02
-1.625844836235046387e-01
-3.221417367458343506e-01
-1.249140053987503052e-01
-7.110139727592468262e-01
-1.264551997184753418e+00
-4.970388859510421753e-02
-1.015437021851539612e-01
-5.936780571937561035e-01
-3.781444951891899109e-02
1.170321274548768997e-02
1.525993645191192627e-01
-4.823135435581207275e-01
-3.322691917419433594e-01
3.478541970252990723e-02
-3.912208080291748047e-01
-3.921096324920654297e-01
-4.635398387908935547e-01
-3.485112190246582031e-01
-3.254914283752441406e-01
8.021250367164611816e-02
-1.101370230317115784e-01
-1.273876667022705078e+00
-1.136636137962341309e+00
-2.984185218811035156e-01
-2.330860495567321777e-01
5.221856385469436646e-02
4.282168112695217133e-03
-3.596067428588867188e-01
-4.643144831061363220e-02
-8.926937580108642578e-01
-4.797444120049476624e-02
-7.940341532230377197e-02
-2.859492897987365723e-01
-6.270778924226760864e-02
-4.229370951652526855e-01
-1.397239923477172852e+00
-1.795785784721374512e+00
-8.571407757699489594e-03
-2.464692145586013794e-01
-5.964731574058532715e-01
7.500939071178436279e-02
2.159865647554397583e-01
-3.963705599308013916e-01
7.135910540819168091e-02
-3.715823888778686523e-01
-3.089512288570404053e-01
1.665549427270889282e-01
-1.931968629360198975e-01
-3.474596142768859863e-01
-3.905588090419769287e-01
-3.602671921253204346e-01
-4.327261447906494141e-02
-6.893118619918823242e-01
-6.145597696304321289e-01
-3.402242660522460938e-01
-1.498550772666931152e-01
-1.956636458635330200e-01
-2.317787110805511475e-01
-3.955056965351104736e-01
-3.777655065059661865e-01
-3.436432182788848877e-01
-9.460854530334472656e-02
-3.700680136680603027e-01
-1.317446082830429077e-01
-1.117453575134277344e-01
-4.102491438388824463e-01
-1.396440267562866211e-01
-7.133526802062988281e-01
-4.221833050251007080e-01
-2.614115178585052490e-01
-3.113103508949279785e-01
9.225933998823165894e-02
-3.428454399108886719e-01
-3.935006260871887207e-01
-2.410684525966644287e-01
2.634620666503906250e-02
-4.013103544712066650e-01
1.955726593732833862e-01
-1.245684847235679626e-01
-4.859894514083862305e-01
-1.215801119804382324e+00
6.356006115674972534e-02
-2.885539233684539795e-01
-4.410636126995086670e-01
-2.066517770290374756e-01
-9.950991719961166382e-02
4.138162732124328613e-02
-2.257577925920486450e-01
-4.314812421798706055e-01
-1.136142015457153320e-01
-7.046762704849243164e-01
-1.698421537876129150e-01
-3.940642178058624268e-01
3.503185510635375977e-02
-1.764494627714157104e-01
-5.786806344985961914e-02
-4.977711737155914307e-01
-3.383582532405853271e-01
-5.783755779266357422e-01
-3.931837975978851318e-01
-5.823228955268859863e-01
-3.237431347370147705e-01
-5.207912996411323547e-02
-1.470329999923706055e+00
-3.747319430112838745e-02
-2.488629817962646484e-01
-4.707867503166198730e-01
-1.708754748106002808e-01
-2.900322377681732178e-01
-5.502399206161499023e-01
-2.900172770023345947e-01
-4.872119426727294922e-01
-2.026075124740600586e-01
-2.032800018787384033e-01
-2.024282813072204590e-01
-1.480014026165008545e-01
-2.142815589904785156e-01
-5.969246849417686462e-02
-5.130020976066589355e-01
2.407324016094207764e-01
-3.572129011154174805e-01
-2.633420526981353760e-01
-2.378963083028793335e-01
-1.026500202715396881e-02
