7.720440030097961426e-01
8.856899142265319824e-01
7.733574509620666504e-01
9.314331412315368652e-01
1.195747971534729004e+00
8.652949333190917969e-01
7.451865673065185547e-01
5.733309388160705566e-01
7.641972899436950684e-01
1.159739494323730469e+00
7.917357087135314941e-01
5.988793373107910156e-01
5.916450023651123047e-01
9.266194105148315430e-01
7.603865265846252441e-01
7.700215578079223633e-01
9.737984538078308105e-01
6.512153744697570801e-01
9.253644347190856934e-01
6.424429416656494141e-01
7.738371491432189941e-01
1.046762585639953613e+00
7.632606625556945801e-01
7.137786746025085449e-01
7.023538351058959961e-01
9.658153653144836426e-01
7.239972949028015137e-01
8.114070892333984375e-01
9.911884069442749023e-01
5.106012821197509766e-01
7.379024624824523926e-01
8.954989314079284668e-01
9.039069414138793945e-01
6.872072219848632812e-01
9.347211122512817383e-01
9.372351765632629395e-01
7.167188525199890137e-01
9.589982628822326660e-01
7.387214303016662598e-01
8.290160298347473145e-01
5.994267463684082031e-01
9.727880954742431641e-01
5.688886642456054688e-01
9.438026547431945801e-01
7.530588507652282715e-01
6.542682647705078125e-01
4.786556661128997803e-01
6.486647725105285645e-01
7.494050264358520508e-01
1.034281849861145020e+00
9.559568762779235840e-01
6.333527565002441406e-01
4.797639250755310059e-01
7.872876524925231934e-01
6.834193468093872070e-01
8.659931421279907227e-01
7.010222077369689941e-01
7.431834936141967773e-01
1.308852910995483398e+00
1.057383418083190918e+00
6.833477020263671875e-01
9.688503742218017578e-01
5.658190846443176270e-01
8.181585073471069336e-01
7.270772457122802734e-01
5.680904984474182129e-01
9.357590675354003906e-01
7.023370265960693359e-01
8.686231970787048340e-01
8.760522007942199707e-01
1.117100715637207031e+00
7.131661772727966309e-01
6.765294671058654785e-01
5.102921128273010254e-01
7.497892975807189941e-01
7.074314951896667480e-01
7.177020311355590820e-01
1.101182460784912109e+00
7.478395700454711914e-01
8.259450793266296387e-01
8.941692113876342773e-01
9.902286529541015625e-01
8.509219884872436523e-01
7.027728557586669922e-01
9.822123646736145020e-01
6.373460292816162109e-01
7.230691313743591309e-01
1.262304544448852539e+00
5.454419851303100586e-01
8.879904150962829590e-01
7.186239361763000488e-01
7.077610492706298828e-01
5.657430887222290039e-01
8.166651129722595215e-01
8.404260873794555664e-01
8.998028039932250977e-01
5.459055900573730469e-01
8.943988084793090820e-01
8.568890094757080078e-01
6.427992582321166992e-01
1.031948924064636230e+00
7.356200218200683594e-01
9.389069080352783203e-01
1.057694435119628906e+00
8.965221643447875977e-01
8.396887183189392090e-01
7.832752466201782227e-01
7.604109048843383789e-01
7.516348958015441895e-01
9.269174337387084961e-01
5.448979735374450684e-01
8.846083879470825195e-01
6.988766789436340332e-01
7.621980905532836914e-01
4.516776800155639648e-01
7.254596948623657227e-01
8.402624726295471191e-01
8.822169303894042969e-01
1.047007203102111816e+00
8.673315644264221191e-01
9.538334608078002930e-01
8.333080410957336426e-01
8.077877759933471680e-01
1.297759413719177246e+00
5.216510891914367676e-01
1.004997968673706055e+00
1.099669456481933594e+00
8.308005332946777344e-01
