1.154911160469055176e+00
1.135146260261535645e+00
1.216247677803039551e+00
1.233130693435668945e+00
9.551193118095397949e-01
1.123738646507263184e+00
1.076544761657714844e+00
7.054814696311950684e-01
8.412937521934509277e-01
9.227967262268066406e-01
1.088873863220214844e+00
8.583431839942932129e-01
9.209251403808593750e-01
1.195920586585998535e+00
1.133027672767639160e+00
9.908638000488281250e-01
1.047839641571044922e+00
1.130711913108825684e+00
8.588346242904663086e-01
8.522410988807678223e-01
7.544723749160766602e-01
7.469627857208251953e-01
9.255594015121459961e-01
1.298722982406616211e+00
9.618565440177917480e-01
8.565295934677124023e-01
6.857368946075439453e-01
8.190600275993347168e-01
7.630718350410461426e-01
7.655068635940551758e-01
8.523275852203369141e-01
7.133013606071472168e-01
7.465271353721618652e-01
1.090786218643188477e+00
9.521182179450988770e-01
7.668825387954711914e-01
1.159664154052734375e+00
6.678606271743774414e-01
9.521418213844299316e-01
1.030611753463745117e+00
9.685474634170532227e-01
1.224131464958190918e+00
1.288099884986877441e+00
1.243793487548828125e+00
1.264310359954833984e+00
6.898446083068847656e-01
8.623035550117492676e-01
9.504919648170471191e-01
7.876268029212951660e-01
9.642989635467529297e-01
1.103141069412231445e+00
7.438970208168029785e-01
1.055168986320495605e+00
9.892726540565490723e-01
7.019686102867126465e-01
8.169456720352172852e-01
1.075640439987182617e+00
8.965986371040344238e-01
8.973758816719055176e-01
1.051079511642456055e+00
1.186877131462097168e+00
8.894852995872497559e-01
8.419380187988281250e-01
9.902930855751037598e-01
7.598574161529541016e-01
8.372263908386230469e-01
7.468518614768981934e-01
1.013630270957946777e+00
9.657047986984252930e-01
1.081877708435058594e+00
1.081112504005432129e+00
9.786914587020874023e-01
1.039510846138000488e+00
1.033847928047180176e+00
1.203635811805725098e+00
1.125625729560852051e+00
9.279675483703613281e-01
9.897165894508361816e-01
1.040606856346130371e+00
8.016885519027709961e-01
9.404761195182800293e-01
9.599863886833190918e-01
1.322041749954223633e+00
1.113982319831848145e+00
6.708533167839050293e-01
6.506412625312805176e-01
9.211539030075073242e-01
1.210665464401245117e+00
8.872140645980834961e-01
7.363168001174926758e-01
1.004859924316406250e+00
1.178104996681213379e+00
7.264809012413024902e-01
1.056003689765930176e+00
9.509214162826538086e-01
1.210314512252807617e+00
1.165194153785705566e+00
1.044007539749145508e+00
1.109818458557128906e+00
7.314277291297912598e-01
9.382216930389404297e-01
1.096023082733154297e+00
9.849122762680053711e-01
9.335135817527770996e-01
7.513254880905151367e-01
1.287858486175537109e+00
9.372864365577697754e-01
7.932896018028259277e-01
7.552635073661804199e-01
8.583983182907104492e-01
7.295851707458496094e-01
7.952696084976196289e-01
7.468708157539367676e-01
1.079908370971679688e+00
9.281709194183349609e-01
1.004939675331115723e+00
9.022288322448730469e-01
8.835609555244445801e-01
8.729749321937561035e-01
1.065008997917175293e+00
9.048411250114440918e-01
8.251107931137084961e-01
1.213466525077819824e+00
9.702025055885314941e-01
1.046665430068969727e+00
1.045561552047729492e+00
7.298451066017150879e-01
1.186696887016296387e+00
