1.520404577255249023e+00
7.255870699882507324e-01
1.031058073043823242e+00
8.413094878196716309e-01
9.148704409599304199e-01
4.036790132522583008e-01
1.059727430343627930e+00
7.567889690399169922e-01
5.164044499397277832e-01
6.182775497436523438e-01
1.127714157104492188e+00
1.069436430931091309e+00
1.233304381370544434e+00
8.679805994033813477e-01
6.248072981834411621e-01
8.457861542701721191e-01
6.062928438186645508e-01
8.735478520393371582e-01
6.254761219024658203e-01
5.547185540199279785e-01
1.309726953506469727e+00
7.836248874664306641e-01
1.299748420715332031e+00
1.717820882797241211e+00
1.380742430686950684e+00
5.434114933013916016e-01
4.954579472541809082e-01
8.199113011360168457e-01
1.047164320945739746e+00
1.335903525352478027e+00
6.346979737281799316e-01
6.947862505912780762e-01
