-1.779355853796005249e-01
-2.993558645248413086e-01
-2.569063305854797363e-01
6.106378883123397827e-02
-3.329609930515289307e-01
-1.397457122802734375e+00
-9.145873785018920898e-02
-4.834493398666381836e-01
-8.604770302772521973e-01
1.577411033213138580e-02
-4.758336544036865234e-01
-9.578716754913330078e-01
5.635744426399469376e-03
-1.229725126177072525e-02
-2.543303668498992920e-01
-1.318947672843933105e+00
-4.865334630012512207e-01
-1.546113938093185425e-01
-3.946362435817718506e-01
-6.806690096855163574e-01
-2.984422743320465088e-01
-2.147895991802215576e-01
-3.198973536491394043e-01
-3.252263069152832031e-01
-1.777606159448623657e-01
-8.977945446968078613e-01
-3.023737668991088867e-01
-1.032159850001335144e-01
-2.731568813323974609e-01
-6.090734601020812988e-01
-9.195346385240554810e-02
-1.133589372038841248e-01
1.212488263845443726e-01
-7.182965278625488281e-01
-8.413391560316085815e-02
-3.057830929756164551e-01
-2.512061297893524170e-01
-2.729450762271881104e-01
-1.633762121200561523e-01
-1.418879032135009766e+00
-1.554306507110595703e+00
-2.961808629333972931e-02
-1.121353283524513245e-01
-4.264620244503021240e-01
-3.103719651699066162e-01
-6.199017167091369629e-03
-1.544999480247497559e+00
-3.398575782775878906e-01
-5.257897377014160156e-01
-3.260812759399414062e-01
-5.467744469642639160e-01
-2.021044641733169556e-01
-7.451606541872024536e-02
-2.954434156417846680e-01
-4.228346943855285645e-01
2.075145244598388672e-01
-4.389620423316955566e-01
-2.679453194141387939e-01
-3.118051290512084961e-01
-5.345981121063232422e-01
-2.191382199525833130e-01
-1.342060863971710205e-01
-3.217428028583526611e-01
-3.575031831860542297e-02
3.678129911422729492e-01
-2.832850813865661621e-01
-4.193622767925262451e-01
3.075878508388996124e-02
-3.463820219039916992e-01
-7.038674354553222656e-01
-2.874541282653808594e-01
-2.951350212097167969e-01
-3.093834519386291504e-01
-1.414450258016586304e-01
-1.518310755491256714e-01
-2.288046926259994507e-01
-2.788833379745483398e-01
-2.203152477741241455e-01
-1.782521009445190430e-01
-2.497491240501403809e-01
-1.074290350079536438e-01
-1.654794514179229736e-01
5.555300787091255188e-02
-2.171170413494110107e-01
-4.030644595623016357e-01
-3.808806538581848145e-01
-4.613502323627471924e-01
-4.749306440353393555e-01
-3.857594132423400879e-01
-5.410025641322135925e-02
-7.225220650434494019e-02
-5.116199254989624023e-01
-1.432063728570938110e-01
-1.901258826255798340e-01
-3.196670413017272949e-01
1.011577993631362915e-02
-3.545577228069305420e-01
-5.812706425786018372e-02
-4.159299433231353760e-01
-4.769095480442047119e-01
1.951348930597305298e-01
1.811728999018669128e-02
-4.061756730079650879e-01
-5.659050941467285156e-01
-2.870956361293792725e-01
-4.091266989707946777e-01
-4.577226638793945312e-01
-6.818774342536926270e-01
-9.097652882337570190e-02
-1.446494460105895996e-01
-6.058805584907531738e-01
-3.089139461517333984e-01
-4.528867602348327637e-01
-5.530696511268615723e-01
-4.672731161117553711e-01
-1.711492061614990234e+00
1.780985593795776367e-01
-2.674772739410400391e-01
-5.602039098739624023e-01
1.013650894165039062e-01
-3.470647335052490234e-02
5.523751955479383469e-03
-3.921012952923774719e-02
-3.302605152130126953e-01
-5.968977808952331543e-01
-2.809376418590545654e-01
-2.998983263969421387e-01
-2.621629536151885986e-01
