8.349200487136840820e-01
1.019010066986083984e+00
1.096236705780029297e+00
9.609840512275695801e-01
1.053414821624755859e+00
7.515333890914916992e-01
9.168261885643005371e-01
7.639249563217163086e-01
7.877658009529113770e-01
7.063703536987304688e-01
1.312644720077514648e+00
1.093590736389160156e+00
9.271603822708129883e-01
8.959403634071350098e-01
1.069461226463317871e+00
7.824465036392211914e-01
1.056053876876831055e+00
1.235390543937683105e+00
9.023088216781616211e-01
7.850160598754882812e-01
8.418585062026977539e-01
9.039075970649719238e-01
9.389715194702148438e-01
1.033977389335632324e+00
8.228605985641479492e-01
7.939987182617187500e-01
7.559610605239868164e-01
9.159371256828308105e-01
1.095191717147827148e+00
8.780366182327270508e-01
9.845768213272094727e-01
9.110568761825561523e-01
9.502914547920227051e-01
9.552034735679626465e-01
1.083737373352050781e+00
1.021174550056457520e+00
9.513009190559387207e-01
8.841656446456909180e-01
9.893733859062194824e-01
1.144508719444274902e+00
7.577479481697082520e-01
1.096962451934814453e+00
9.911010861396789551e-01
8.230521082878112793e-01
1.011338353157043457e+00
7.622104287147521973e-01
8.867200613021850586e-01
9.659380316734313965e-01
9.499274492263793945e-01
1.020685076713562012e+00
1.022794246673583984e+00
8.586263656616210938e-01
8.117856979370117188e-01
1.166210293769836426e+00
8.686050772666931152e-01
8.764708638191223145e-01
6.205905079841613770e-01
1.032661914825439453e+00
7.497283816337585449e-01
8.608949184417724609e-01
8.945329189300537109e-01
9.668719172477722168e-01
6.798132658004760742e-01
1.200287103652954102e+00
8.059914112091064453e-01
9.140688180923461914e-01
7.598351240158081055e-01
9.019733071327209473e-01
1.005127072334289551e+00
9.824655055999755859e-01
1.169346809387207031e+00
8.795691728591918945e-01
1.036796212196350098e+00
1.023324966430664062e+00
1.161182999610900879e+00
9.857331514358520508e-01
1.239724993705749512e+00
1.060350537300109863e+00
1.307925105094909668e+00
7.305316925048828125e-01
8.949078321456909180e-01
9.162093400955200195e-01
1.075596928596496582e+00
1.255648374557495117e+00
6.719279289245605469e-01
6.995447874069213867e-01
7.944399714469909668e-01
8.934335112571716309e-01
9.174535274505615234e-01
8.074756264686584473e-01
1.009491324424743652e+00
1.204710006713867188e+00
8.848353028297424316e-01
1.129595398902893066e+00
6.413875818252563477e-01
1.078200697898864746e+00
1.004364013671875000e+00
8.890270590782165527e-01
9.792718887329101562e-01
8.234369754791259766e-01
9.088290333747863770e-01
9.916911721229553223e-01
9.184628725051879883e-01
6.064607501029968262e-01
7.122896909713745117e-01
8.356599807739257812e-01
1.371350526809692383e+00
8.506920933723449707e-01
9.828380346298217773e-01
8.454317450523376465e-01
1.065895080566406250e+00
8.155803084373474121e-01
7.953466176986694336e-01
7.903756499290466309e-01
8.531420230865478516e-01
1.065271854400634766e+00
8.531836867332458496e-01
1.228842139244079590e+00
7.331721186637878418e-01
9.310170412063598633e-01
8.532110452651977539e-01
7.903001308441162109e-01
9.758321046829223633e-01
1.165635228157043457e+00
1.117786288261413574e+00
8.590872883796691895e-01
8.599940538406372070e-01
8.083666563034057617e-01
