9.942013621330261230e-01
1.023060917854309082e+00
1.006493806838989258e+00
1.116754293441772461e+00
9.033074975013732910e-01
6.442978382110595703e-01
9.113623499870300293e-01
8.660227656364440918e-01
8.890765309333801270e-01
1.164984464645385742e+00
1.001645207405090332e+00
6.825399398803710938e-01
1.073310732841491699e+00
1.054414868354797363e+00
9.231028556823730469e-01
6.999778151512145996e-01
9.100596904754638672e-01
1.026347994804382324e+00
7.690179347991943359e-01
6.389915943145751953e-01
1.074365019798278809e+00
1.191613912582397461e+00
9.584737420082092285e-01
9.867503046989440918e-01
7.331834435462951660e-01
8.097712993621826172e-01
8.465273380279541016e-01
8.577880859375000000e-01
1.069978356361389160e+00
9.246053695678710938e-01
1.028285622596740723e+00
9.522158503532409668e-01
8.609691858291625977e-01
9.470291137695312500e-01
1.192792057991027832e+00
9.325578212738037109e-01
9.480383396148681641e-01
1.105803251266479492e+00
1.032734036445617676e+00
6.747527718544006348e-01
7.639492154121398926e-01
1.133013129234313965e+00
9.640327692031860352e-01
8.298133015632629395e-01
8.346365094184875488e-01
9.723789691925048828e-01
6.263740658760070801e-01
1.037473559379577637e+00
8.330307602882385254e-01
9.866250157356262207e-01
8.788024783134460449e-01
9.290288686752319336e-01
1.082833886146545410e+00
9.501126408576965332e-01
8.058924078941345215e-01
8.596184849739074707e-01
8.166638612747192383e-01
9.432759284973144531e-01
1.064196705818176270e+00
8.637397885322570801e-01
8.624406456947326660e-01
1.005840778350830078e+00
8.611910939216613770e-01
8.962892293930053711e-01
9.594005346298217773e-01
8.811450600624084473e-01
8.250544667243957520e-01
9.608213305473327637e-01
8.749648928642272949e-01
9.084184765815734863e-01
8.502701520919799805e-01
7.945144772529602051e-01
1.006498336791992188e+00
9.188211560249328613e-01
1.097858548164367676e+00
9.507233500480651855e-01
9.684379100799560547e-01
1.066859722137451172e+00
9.166896343231201172e-01
9.495427012443542480e-01
1.095045089721679688e+00
9.207867383956909180e-01
9.695458412170410156e-01
1.065724372863769531e+00
1.063189983367919922e+00
8.560498356819152832e-01
8.602899909019470215e-01
8.579882979393005371e-01
9.874078631401062012e-01
1.191977381706237793e+00
9.354226589202880859e-01
8.144676685333251953e-01
1.010770320892333984e+00
1.075010657310485840e+00
8.792501688003540039e-01
8.886368870735168457e-01
1.015318036079406738e+00
9.581342935562133789e-01
1.008908152580261230e+00
9.647940397262573242e-01
1.062186956405639648e+00
1.070691108703613281e+00
9.216334223747253418e-01
9.083992242813110352e-01
8.816488981246948242e-01
6.795249581336975098e-01
9.709572196006774902e-01
8.624210357666015625e-01
8.586201667785644531e-01
1.068359017372131348e+00
7.936584949493408203e-01
1.024973630905151367e+00
9.999859929084777832e-01
9.179149270057678223e-01
8.971641659736633301e-01
7.433323860168457031e-01
1.083401083946228027e+00
1.060436487197875977e+00
8.917086124420166016e-01
1.170363187789916992e+00
1.064197182655334473e+00
9.047316312789916992e-01
8.144744038581848145e-01
8.048987984657287598e-01
8.817837238311767578e-01
9.840922355651855469e-01
8.233098983764648438e-01
8.986443877220153809e-01
