-2.779246270656585693e-01
-3.444948494434356689e-01
-1.956365555524826050e-01
8.962541073560714722e-02
-2.456841021776199341e-01
-6.808977127075195312e-01
-2.694409191608428955e-01
-3.017499744892120361e-01
-9.547803997993469238e-01
-5.220403671264648438e-01
1.744299009442329407e-02
-8.825619518756866455e-02
-1.560802459716796875e-01
-5.199912935495376587e-02
2.040330879390239716e-02
-1.180329322814941406e+00
-2.026665806770324707e-01
-1.986718624830245972e-01
-3.534114658832550049e-01
-6.925866603851318359e-01
-2.305583059787750244e-01
-2.350302636623382568e-01
-7.735770195722579956e-02
-4.318054914474487305e-01
-1.091012284159660339e-01
-4.901726841926574707e-01
-7.427464723587036133e-01
-1.936139166355133057e-01
-5.898884683847427368e-02
-1.016695648431777954e-01
-5.914620161056518555e-01
3.085934370756149292e-02
-1.706788837909698486e-01
-2.039210051298141479e-01
2.543274164199829102e-01
-4.855573922395706177e-02
-2.436651289463043213e-01
-3.235856071114540100e-02
-2.663899362087249756e-01
-2.420523166656494141e-01
-1.209120512008666992e+00
-1.161928772926330566e-01
-1.655658781528472900e-01
-2.022387385368347168e-01
-9.895560145378112793e-02
7.756244391202926636e-02
-2.879319190979003906e-01
-2.177235633134841919e-01
-2.880555093288421631e-01
1.174676939845085144e-01
7.701744884252548218e-02
-3.681714832782745361e-01
6.904115527868270874e-02
-3.202058076858520508e-01
-2.408024109899997711e-02
-1.641485095024108887e-01
-5.609741210937500000e-01
-2.835684269666671753e-02
-3.778704404830932617e-01
-3.599992394447326660e-01
-6.462239474058151245e-02
-2.685172557830810547e-01
-1.090760707855224609e+00
-2.085507065057754517e-01
-3.709533512592315674e-01
9.094303846359252930e-02
1.219086199998855591e-01
-1.628299802541732788e-01
-1.788540333509445190e-01
-2.271624952554702759e-01
1.601642183959484100e-02
-3.373190462589263916e-01
9.363712370395660400e-02
-1.920887455344200134e-02
-8.824343234300613403e-02
-1.504708230495452881e-01
-3.470084369182586670e-01
-2.024144083261489868e-01
-6.016853079199790955e-02
-1.401049345731735229e-01
-8.805528283119201660e-02
3.752906993031501770e-02
-5.971037223935127258e-02
-3.629401922225952148e-01
-7.651342749595642090e-01
-4.887915551662445068e-01
-4.081501364707946777e-01
-3.029840290546417236e-01
-2.770563960075378418e-01
-1.435980796813964844e-01
-1.234953850507736206e-01
-1.628815084695816040e-01
-1.578468084335327148e-01
-1.517441719770431519e-01
-7.942780852317810059e-01
-8.993557840585708618e-02
-4.149937927722930908e-01
1.292510926723480225e-01
-8.846589922904968262e-02
1.647304445505142212e-01
-4.759759604930877686e-01
-3.085427284240722656e-01
-4.139585793018341064e-01
-8.721670508384704590e-01
-1.214084982872009277e+00
-4.122675657272338867e-01
-1.779138594865798950e-01
-4.588449001312255859e-01
-2.667604982852935791e-01
-3.455105423927307129e-01
4.134612679481506348e-01
-2.890116870403289795e-01
-6.266825199127197266e-01
-4.863733947277069092e-01
-2.848844826221466064e-01
-4.325061440467834473e-01
-4.127428531646728516e-01
1.823412999510765076e-02
-1.122863650321960449e+00
-7.505356520414352417e-02
-9.124329686164855957e-02
5.351754277944564819e-02
-3.223217427730560303e-01
-2.878748774528503418e-01
-2.910440266132354736e-01
-4.089655280113220215e-01
-2.211665213108062744e-01
2.020597159862518311e-01
