-1.770545542240142822e-01
-2.529407143592834473e-01
-7.963099330663681030e-02
-1.495356410741806030e-01
-4.040285572409629822e-02
-3.664474785327911377e-01
-4.956819415092468262e-01
-4.343837797641754150e-01
-2.253133505582809448e-01
-1.949024051427841187e-01
-1.794097274541854858e-01
-2.925801277160644531e-01
-3.781975805759429932e-01
-2.258854061365127563e-01
-1.778062731027603149e-01
-1.465522199869155884e-01
-1.690563261508941650e-01
-6.758078187704086304e-02
1.689114868640899658e-01
-1.126967966556549072e-01
-8.760988712310791016e-02
-2.503953576087951660e-01
-1.342596262693405151e-01
3.299882868304848671e-03
-1.092205941677093506e-01
-2.845697700977325439e-01
-2.907215952873229980e-01
-2.950968742370605469e-01
-7.036276161670684814e-02
-3.529821038246154785e-01
-2.548277080059051514e-01
-2.643066458404064178e-02
6.711020320653915405e-02
-1.598406136035919189e-01
7.414456456899642944e-03
-1.869228631258010864e-01
-1.972392797470092773e-01
-1.477346122264862061e-01
-2.686962485313415527e-01
-3.846844434738159180e-01
-4.050880670547485352e-01
-4.211936891078948975e-01
-3.027393855154514313e-02
-1.407461315393447876e-01
-3.139623403549194336e-01
-1.847304999828338623e-01
-3.751237988471984863e-01
-1.821626573801040649e-01
-1.699696630239486694e-01
-1.559888273477554321e-01
-3.175906091928482056e-02
-3.379944562911987305e-01
-1.953853666782379150e-01
-2.527212500572204590e-01
-2.156092971563339233e-01
-2.175629697740077972e-02
5.825040116906166077e-02
6.826454401016235352e-02
-1.220178678631782532e-01
-2.773039042949676514e-01
-2.880067825317382812e-01
-2.497639954090118408e-01
-3.642408847808837891e-01
4.858476668596267700e-02
