-1.291363090276718140e-01
-2.652597799897193909e-02
6.599586457014083862e-02
-1.958360224962234497e-01
1.011795997619628906e-01
-4.118240475654602051e-01
-2.458871454000473022e-01
-5.712410807609558105e-01
-8.034572601318359375e-01
3.231948241591453552e-02
-2.292877435684204102e-01
-1.664053678512573242e+00
1.238948404788970947e-01
-1.718091368675231934e-01
-4.145830869674682617e-01
-5.306941270828247070e-01
-3.535637557506561279e-01
-2.430653572082519531e-01
-4.471988081932067871e-01
-4.925490319728851318e-01
-4.422509074211120605e-01
-1.240493431687355042e-01
-3.990829288959503174e-01
-1.342662870883941650e-01
-3.680438995361328125e-01
-9.665147662162780762e-01
-2.963128685951232910e-01
-1.772966384887695312e-01
2.098800241947174072e-01
-2.984004020690917969e-01
1.110591292381286621e-01
-1.336384862661361694e-01
3.336196839809417725e-01
-1.870269060134887695e+00
-1.271108388900756836e-01
-3.507673367857933044e-02
-2.027882635593414307e-01
-4.967254102230072021e-01
-3.749727904796600342e-01
-1.790078520774841309e+00
-1.646531105041503906e+00
-3.686549514532089233e-02
-1.401416510343551636e-01
-2.995157837867736816e-01
-1.340493261814117432e-01
1.607669740915298462e-01
-5.581250786781311035e-01
-4.130242466926574707e-01
-4.657312631607055664e-01
-4.681303203105926514e-01
-4.059072732925415039e-01
-5.694548413157463074e-02
-6.562799960374832153e-02
-4.213049113750457764e-01
-2.544036507606506348e-01
1.895245723426342010e-02
-4.779517948627471924e-01
-2.338242679834365845e-01
-1.183117274194955826e-02
-2.845591604709625244e-01
-3.417671918869018555e-01
-1.343544423580169678e-01
-2.659559547901153564e-01
-9.193199127912521362e-02
4.295519292354583740e-01
-1.729898154735565186e-01
-2.857377827167510986e-01
-5.316014215350151062e-02
-3.470113873481750488e-01
-6.030149459838867188e-01
-2.759670466184616089e-02
-4.956188797950744629e-01
-9.230770170688629150e-02
-2.241355776786804199e-01
-2.787458002567291260e-01
4.220683872699737549e-01
-2.257716804742813110e-01
-3.598732054233551025e-01
-2.644764482975006104e-01
-2.455323189496994019e-02
-3.847607076168060303e-01
4.268322587013244629e-01
-4.657431691884994507e-02
-3.529211878776550293e-01
-4.047190248966217041e-01
-6.469261646270751953e-01
-7.169315814971923828e-01
-3.305840790271759033e-01
-3.268979787826538086e-01
4.003973305225372314e-02
-4.214903414249420166e-01
-4.099513292312622070e-01
-2.125031501054763794e-01
-1.189325749874114990e-01
-6.241280436515808105e-01
1.402156203985214233e-01
-5.080046057701110840e-01
-7.346028834581375122e-02
-3.244118988513946533e-01
-2.393622249364852905e-01
-1.674811094999313354e-01
-1.002877876162528992e-01
-9.770469367504119873e-02
-6.342447400093078613e-01
-3.264604806900024414e-01
-6.025434732437133789e-01
2.479681223630905151e-01
-1.855821609497070312e+00
2.514024972915649414e-01
-4.457583427429199219e-01
-2.151377916336059570e+00
-1.343640089035034180e-01
-2.566834390163421631e-01
-4.117271006107330322e-01
6.054238602519035339e-02
-7.075347900390625000e-01
2.301847785711288452e-01
-2.079502046108245850e-01
-3.780893385410308838e-01
-7.855926640331745148e-03
5.911977589130401611e-02
-3.407869860529899597e-02
-5.359999537467956543e-01
-6.669416278600692749e-02
-5.772165656089782715e-01
-3.662759363651275635e-01
-1.903040409088134766e-01
-2.023488283157348633e-01
