1.056483387947082520e+00
1.097906947135925293e+00
1.102752089500427246e+00
7.487930655479431152e-01
1.048335313796997070e+00
8.777689933776855469e-01
9.133098721504211426e-01
1.041931867599487305e+00
6.948467493057250977e-01
1.133499145507812500e+00
6.537182331085205078e-01
1.203171610832214355e+00
1.055609345436096191e+00
1.114276766777038574e+00
8.285433053970336914e-01
1.031013846397399902e+00
1.274657130241394043e+00
1.147040009498596191e+00
9.582222104072570801e-01
1.072195053100585938e+00
1.141690850257873535e+00
9.821880459785461426e-01
1.064763188362121582e+00
1.099894762039184570e+00
1.044691443443298340e+00
1.062438130378723145e+00
5.713040828704833984e-01
8.843281269073486328e-01
1.107958555221557617e+00
8.359427452087402344e-01
8.007217645645141602e-01
1.027933359146118164e+00
1.054534435272216797e+00
1.003080248832702637e+00
1.013511300086975098e+00
1.164248466491699219e+00
1.142693638801574707e+00
8.874138593673706055e-01
8.176183700561523438e-01
8.811562061309814453e-01
1.322409391403198242e+00
1.153983473777770996e+00
9.622343778610229492e-01
1.076702237129211426e+00
1.003540754318237305e+00
4.947843253612518311e-01
8.175710439682006836e-01
1.035882115364074707e+00
1.235381484031677246e+00
1.139661550521850586e+00
1.011016368865966797e+00
7.579954862594604492e-01
6.019697785377502441e-01
8.064907193183898926e-01
1.056395292282104492e+00
1.336082458496093750e+00
8.876294493675231934e-01
1.080874800682067871e+00
9.191927909851074219e-01
1.056855916976928711e+00
1.082481384277343750e+00
7.481858134269714355e-01
6.681044697761535645e-01
7.948209047317504883e-01
6.772071719169616699e-01
1.220543861389160156e+00
9.893376827239990234e-01
1.259370684623718262e+00
1.213823556900024414e+00
1.118596434593200684e+00
1.084863662719726562e+00
1.044435262680053711e+00
7.522026896476745605e-01
1.004695057868957520e+00
8.562175035476684570e-01
1.057635307312011719e+00
1.007016062736511230e+00
1.170921683311462402e+00
1.093690156936645508e+00
9.159582853317260742e-01
9.191927909851074219e-01
1.003660678863525391e+00
9.620255827903747559e-01
1.091037511825561523e+00
1.025959491729736328e+00
5.263801217079162598e-01
6.654034852981567383e-01
1.011248230934143066e+00
1.098580598831176758e+00
8.438438177108764648e-01
1.107108592987060547e+00
8.169441223144531250e-01
5.446718335151672363e-01
1.068116545677185059e+00
1.166925191879272461e+00
1.215705990791320801e+00
7.606100440025329590e-01
8.531917333602905273e-01
9.049833416938781738e-01
7.846713662147521973e-01
1.185387611389160156e+00
9.217747449874877930e-01
8.227316737174987793e-01
1.247365713119506836e+00
1.159938097000122070e+00
9.711311459541320801e-01
8.999252915382385254e-01
8.886738419532775879e-01
8.432244658470153809e-01
1.086018681526184082e+00
8.686859011650085449e-01
1.301278948783874512e+00
9.893756508827209473e-01
9.469904303550720215e-01
5.836319327354431152e-01
1.303693294525146484e+00
7.812827229499816895e-01
8.160816431045532227e-01
1.067339301109313965e+00
7.793585062026977539e-01
9.414256811141967773e-01
8.331127762794494629e-01
9.997367858886718750e-01
1.286259651184082031e+00
4.872561395168304443e-01
8.206160664558410645e-01
1.013526678085327148e+00
1.072439789772033691e+00
