9.548189043998718262e-01
1.108891963958740234e+00
7.786585688591003418e-01
1.009372591972351074e+00
9.223029017448425293e-01
8.044625520706176758e-01
9.055712223052978516e-01
6.823561191558837891e-01
8.447409272193908691e-01
1.177285790443420410e+00
1.096307873725891113e+00
3.798095881938934326e-01
9.270561337471008301e-01
8.161646723747253418e-01
9.262190461158752441e-01
7.124847173690795898e-01
9.881855845451354980e-01
9.980938434600830078e-01
7.946009635925292969e-01
6.403451561927795410e-01
9.704610705375671387e-01
9.867631793022155762e-01
9.333162903785705566e-01
9.439214468002319336e-01
7.303223609924316406e-01
6.246704459190368652e-01
9.204795360565185547e-01
8.084615468978881836e-01
1.096181273460388184e+00
8.591600060462951660e-01
1.072723269462585449e+00
1.051392436027526855e+00
1.014731049537658691e+00
5.021254420280456543e-01
1.181201934814453125e+00
1.000422120094299316e+00
9.480724334716796875e-01
9.303090572357177734e-01
1.008264422416687012e+00
4.745743870735168457e-01
4.831463694572448730e-01
1.216984272003173828e+00
1.108055830001831055e+00
8.074951767921447754e-01
8.870914578437805176e-01
7.110391855239868164e-01
8.827775716781616211e-01
9.030125737190246582e-01
8.805344104766845703e-01
8.722184300422668457e-01
9.036971926689147949e-01
1.081287384033203125e+00
1.063506722450256348e+00
1.052977442741394043e+00
9.970755577087402344e-01
9.335283637046813965e-01
6.407190561294555664e-01
9.321024417877197266e-01
8.242356777191162109e-01
8.811074495315551758e-01
8.242282271385192871e-01
1.061738848686218262e+00
7.194926142692565918e-01
9.666375517845153809e-01
9.089871048927307129e-01
1.041991710662841797e+00
8.283824920654296875e-01
9.292612671852111816e-01
8.515188097953796387e-01
6.638901233673095703e-01
9.015471339225769043e-01
7.526767849922180176e-01
9.741191864013671875e-01
9.702327251434326172e-01
9.481676220893859863e-01
1.171742677688598633e+00
8.248028755187988281e-01
1.028063297271728516e+00
8.736693263053894043e-01
1.023442506790161133e+00
8.904676437377929688e-01
7.450662255287170410e-01
8.717131018638610840e-01
1.001009464263916016e+00
9.389349818229675293e-01
7.016652822494506836e-01
8.874944448471069336e-01
7.619433403015136719e-01
9.682020545005798340e-01
1.072771430015563965e+00
8.717352747917175293e-01
7.056292891502380371e-01
1.082835793495178223e+00
9.586712718009948730e-01
7.740114927291870117e-01
7.992188334465026855e-01
8.678146004676818848e-01
1.075573205947875977e+00
1.022038578987121582e+00
8.151152729988098145e-01
9.331529736518859863e-01
9.267677664756774902e-01
9.524924755096435547e-01
8.262066245079040527e-01
8.451765775680541992e-01
7.712660431861877441e-01
1.092227458953857422e+00
4.601970613002777100e-01
1.062754034996032715e+00
1.026590824127197266e+00
5.548207759857177734e-01
9.372671842575073242e-01
8.428745865821838379e-01
9.117307066917419434e-01
1.028464436531066895e+00
7.032989859580993652e-01
1.032426595687866211e+00
1.040826797485351562e+00
8.130332231521606445e-01
1.028863191604614258e+00
1.235600233078002930e+00
7.929270267486572266e-01
9.152604937553405762e-01
9.653261303901672363e-01
9.070981740951538086e-01
1.010900139808654785e+00
8.697663545608520508e-01
8.828099370002746582e-01
