1.194379687309265137e+00
1.301144123077392578e+00
9.934493303298950195e-01
8.886144757270812988e-01
1.480100274085998535e+00
9.308283329010009766e-01
9.925046563148498535e-01
9.875405430793762207e-01
1.193830370903015137e+00
1.198362231254577637e+00
8.531342744827270508e-01
1.388807415962219238e+00
1.361029624938964844e+00
1.169510245323181152e+00
1.009882926940917969e+00
1.451695203781127930e+00
1.426757931709289551e+00
1.130277156829833984e+00
1.284900307655334473e+00
1.141035437583923340e+00
1.203914165496826172e+00
1.188093185424804688e+00
1.286779880523681641e+00
1.301646947860717773e+00
1.180945515632629395e+00
1.424242138862609863e+00
7.633214592933654785e-01
9.222780466079711914e-01
1.578925132751464844e+00
1.201387166976928711e+00
1.064068913459777832e+00
1.203436851501464844e+00
1.268278598785400391e+00
1.119153857231140137e+00
1.318309307098388672e+00
1.275377869606018066e+00
1.247494935989379883e+00
1.375982880592346191e+00
1.106428861618041992e+00
1.031759262084960938e+00
1.306837201118469238e+00
1.066007137298583984e+00
1.548059225082397461e+00
1.164741516113281250e+00
1.105043053627014160e+00
8.759785294532775879e-01
1.241962671279907227e+00
1.156538128852844238e+00
1.216640830039978027e+00
1.205837011337280273e+00
1.009691119194030762e+00
1.220614671707153320e+00
9.040399193763732910e-01
1.279489159584045410e+00
1.345652103424072266e+00
1.340340018272399902e+00
1.207610964775085449e+00
1.080674648284912109e+00
1.068142652511596680e+00
1.114502787590026855e+00
1.073067188262939453e+00
1.031151294708251953e+00
7.568871378898620605e-01
8.412633538246154785e-01
1.014011859893798828e+00
1.235792160034179688e+00
1.216389894485473633e+00
1.575635075569152832e+00
1.195377349853515625e+00
1.021775126457214355e+00
1.524558544158935547e+00
1.274451613426208496e+00
1.309679269790649414e+00
1.161469936370849609e+00
1.161852955818176270e+00
1.178455233573913574e+00
1.445191264152526855e+00
1.038028597831726074e+00
1.379557609558105469e+00
1.107628822326660156e+00
1.569641470909118652e+00
1.299249410629272461e+00
1.154959678649902344e+00
1.277381062507629395e+00
1.068298339843750000e+00
7.859746217727661133e-01
5.676429867744445801e-01
1.079073190689086914e+00
1.574448227882385254e+00
1.351680755615234375e+00
1.262465238571166992e+00
1.174311280250549316e+00
8.945196866989135742e-01
1.145151615142822266e+00
1.339847445487976074e+00
1.328029632568359375e+00
1.186064720153808594e+00
1.007807254791259766e+00
1.210950136184692383e+00
1.162176370620727539e+00
1.346326828002929688e+00
9.985181689262390137e-01
1.247115969657897949e+00
1.331621766090393066e+00
1.166543006896972656e+00
1.179419040679931641e+00
1.146776795387268066e+00
9.273739457130432129e-01
1.188137531280517578e+00
1.343952059745788574e+00
1.355147719383239746e+00
1.553004145622253418e+00
1.296316504478454590e+00
1.200724005699157715e+00
1.074028372764587402e+00
1.261864781379699707e+00
1.176846265792846680e+00
1.149022340774536133e+00
1.411521434783935547e+00
8.270481824874877930e-01
1.020901322364807129e+00
1.188470005989074707e+00
1.210666656494140625e+00
1.460960388183593750e+00
9.559980630874633789e-01
9.751341342926025391e-01
1.429625988006591797e+00
1.278695225715637207e+00
