1.340169310569763184e+00
1.345512747764587402e+00
1.479767680168151855e+00
1.449262619018554688e+00
1.518700957298278809e+00
1.608321547508239746e+00
1.341559290885925293e+00
1.258033752441406250e+00
1.500815272331237793e+00
1.540651082992553711e+00
1.527854442596435547e+00
1.714015722274780273e+00
1.662678241729736328e+00
1.390658855438232422e+00
1.781132578849792480e+00
1.555165529251098633e+00
1.554335236549377441e+00
1.504551053047180176e+00
1.457431197166442871e+00
1.725132584571838379e+00
1.672454833984375000e+00
1.478739142417907715e+00
1.426203489303588867e+00
1.711007952690124512e+00
1.530914306640625000e+00
1.631729483604431152e+00
1.208354353904724121e+00
1.135344982147216797e+00
2.024171829223632812e+00
1.524980068206787109e+00
1.342231035232543945e+00
1.434478759765625000e+00
1.395897150039672852e+00
1.332744359970092773e+00
1.237617850303649902e+00
1.355216026306152344e+00
1.631121277809143066e+00
1.596343994140625000e+00
1.755022764205932617e+00
1.440565586090087891e+00
1.680627942085266113e+00
1.659187912940979004e+00
1.380962967872619629e+00
1.335881948471069336e+00
1.567349433898925781e+00
1.575968027114868164e+00
1.530450463294982910e+00
1.190113663673400879e+00
1.514193892478942871e+00
1.492009401321411133e+00
1.308781266212463379e+00
1.476538777351379395e+00
1.271957874298095703e+00
1.573455929756164551e+00
1.524967074394226074e+00
1.669064283370971680e+00
1.307511568069458008e+00
1.524253129959106445e+00
1.563420653343200684e+00
1.604303121566772461e+00
1.406055212020874023e+00
1.176384210586547852e+00
1.206391096115112305e+00
1.536183834075927734e+00
1.409187078475952148e+00
1.469509720802307129e+00
1.727610588073730469e+00
1.559219479560852051e+00
1.476381659507751465e+00
1.249158620834350586e+00
1.718526005744934082e+00
1.340748190879821777e+00
1.441285371780395508e+00
1.713502883911132812e+00
1.560798168182373047e+00
1.707332491874694824e+00
1.904344439506530762e+00
1.455136299133300781e+00
1.340887665748596191e+00
1.432088017463684082e+00
1.796865344047546387e+00
1.356529593467712402e+00
1.373168706893920898e+00
1.618080496788024902e+00
1.384968161582946777e+00
1.257949948310852051e+00
1.435397148132324219e+00
1.647194504737854004e+00
1.873142480850219727e+00
1.653158307075500488e+00
1.576905608177185059e+00
1.622138023376464844e+00
1.521420836448669434e+00
1.583919167518615723e+00
1.677550077438354492e+00
1.533706188201904297e+00
1.362810254096984863e+00
1.782472014427185059e+00
1.703362345695495605e+00
1.590253591537475586e+00
1.610336184501647949e+00
1.428107738494873047e+00
1.631581425666809082e+00
1.680807709693908691e+00
1.474032759666442871e+00
1.496771931648254395e+00
1.578622579574584961e+00
1.355605840682983398e+00
1.474829912185668945e+00
1.525689959526062012e+00
1.472359895706176758e+00
1.810207009315490723e+00
1.727859616279602051e+00
1.375134706497192383e+00
1.660962820053100586e+00
1.597892165184020996e+00
1.373154759407043457e+00
1.616806864738464355e+00
1.723428487777709961e+00
1.197885274887084961e+00
1.562183856964111328e+00
1.905583500862121582e+00
1.772177696228027344e+00
1.580178499221801758e+00
1.289507746696472168e+00
1.213821172714233398e+00
1.639020442962646484e+00
1.357868790626525879e+00
